{
  "RSpec": {
    "coverage": {
      "/Users/David/Dropbox/devbootcamp/Week8/pollster/app/controllers/application_controller.rb": [
        1,
        1,
        null
      ],
      "/Users/David/Dropbox/devbootcamp/Week8/pollster/app/helpers/application_helper.rb": [
        1,
        null
      ],
      "/Users/David/Dropbox/devbootcamp/Week8/pollster/app/helpers/polls_helper.rb": [
        1,
        null
      ],
      "/Users/David/Dropbox/devbootcamp/Week8/pollster/app/helpers/questions_helper.rb": [
        1,
        null
      ],
      "/Users/David/Dropbox/devbootcamp/Week8/pollster/app/controllers/polls_controller.rb": [
        1,
        1,
        0,
        null,
        null,
        1,
        0,
        null,
        null,
        1,
        0,
        0,
        0,
        null,
        null,
        null,
        1,
        0,
        null,
        null,
        1,
        0,
        null,
        null,
        1,
        0,
        0,
        0,
        null,
        null,
        1,
        0,
        0,
        0,
        0,
        null,
        null,
        null,
        null,
        null,
        null
      ],
      "/Users/David/Dropbox/devbootcamp/Week8/pollster/app/models/poll.rb": [
        1,
        1,
        null,
        1,
        1,
        null,
        1,
        null,
        1,
        2,
        2,
        0,
        null,
        2,
        null,
        null,
        null,
        1,
        2,
        2,
        1,
        null,
        1,
        null,
        null,
        null,
        null
      ],
      "/Users/David/Dropbox/devbootcamp/Week8/pollster/app/controllers/questions_controller.rb": [
        1,
        1,
        null,
        null,
        1,
        0,
        null,
        null,
        1,
        0,
        null,
        0,
        0,
        null,
        null,
        null,
        1,
        null,
        null,
        1,
        null,
        null,
        1,
        null,
        null,
        1,
        null,
        null
      ],
      "/Users/David/Dropbox/devbootcamp/Week8/pollster/app/models/question.rb": [
        1,
        1,
        null
      ],
      "/Users/David/Dropbox/devbootcamp/Week8/pollster/app/models/response.rb": [
        1,
        1,
        null
      ]
    },
    "timestamp": 1343801682
  }
}
